[2026-06-12T15:09:23+02:00] Checking for updates...
[2026-06-12T15:09:23+02:00] Fetching latest release from: https://api.github.com/repos/DarioHefti/pedro/releases/latest
[2026-06-12T15:09:23+02:00] Current version: dev, Latest version: 1.2.0
[2026-06-12T15:09:23+02:00] Picking asset for OS: darwin, Arch: arm64
[2026-06-12T15:09:23+02:00] Selected preferred asset: Pedro-macos-arm64.dmg
[2026-06-12T15:09:23+02:00] Update available! Asset: Pedro-macos-arm64.dmg
[2026-06-25T07:47:32+02:00] Checking for updates...
[2026-06-25T07:47:32+02:00] Fetching latest release from: https://api.github.com/repos/DarioHefti/pedro/releases/latest
[2026-06-25T07:47:32+02:00] Current version: dev, Latest version: 1.2.0
[2026-06-25T07:47:32+02:00] Picking asset for OS: darwin, Arch: arm64
[2026-06-25T07:47:32+02:00] Selected preferred asset: Pedro-macos-arm64.dmg
[2026-06-25T07:47:32+02:00] Update available! Asset: Pedro-macos-arm64.dmg
[2026-06-25T07:50:31+02:00] Checking for updates...
[2026-06-25T07:50:31+02:00] Fetching latest release from: https://api.github.com/repos/DarioHefti/pedro/releases/latest
[2026-06-25T07:50:32+02:00] Current version: dev, Latest version: 1.2.0
[2026-06-25T07:50:32+02:00] Picking asset for OS: darwin, Arch: arm64
[2026-06-25T07:50:32+02:00] Selected preferred asset: Pedro-macos-arm64.dmg
[2026-06-25T07:50:32+02:00] Update available! Asset: Pedro-macos-arm64.dmg
[2026-07-01T12:27:14+02:00] Checking for updates...
[2026-07-01T12:27:14+02:00] Fetching latest release from: https://api.github.com/repos/DarioHefti/pedro/releases/latest
[2026-07-01T12:27:15+02:00] Current version: dev, Latest version: 1.2.1
[2026-07-01T12:27:15+02:00] Picking asset for OS: darwin, Arch: arm64
[2026-07-01T12:27:15+02:00] Selected preferred asset: Pedro-macos-arm64.dmg
[2026-07-01T12:27:15+02:00] Update available! Asset: Pedro-macos-arm64.dmg
[2026-07-09T13:26:23+02:00] Checking for updates...
[2026-07-09T13:26:23+02:00] Fetching latest release from: https://api.github.com/repos/DarioHefti/pedro/releases/latest
[2026-07-09T13:26:23+02:00] Current version: dev, Latest version: 1.2.2
[2026-07-09T13:26:23+02:00] Picking asset for OS: darwin, Arch: arm64
[2026-07-09T13:26:23+02:00] Selected preferred asset: Pedro-macos-arm64.dmg
[2026-07-09T13:26:23+02:00] Update available! Asset: Pedro-macos-arm64.dmg
[2026-07-09T13:29:03+02:00] Checking for updates...
[2026-07-09T13:29:03+02:00] Fetching latest release from: https://api.github.com/repos/DarioHefti/pedro/releases/latest
[2026-07-09T13:29:03+02:00] Current version: dev, Latest version: 1.2.2
[2026-07-09T13:29:03+02:00] Picking asset for OS: darwin, Arch: arm64
[2026-07-09T13:29:03+02:00] Selected preferred asset: Pedro-macos-arm64.dmg
[2026-07-09T13:29:03+02:00] Update available! Asset: Pedro-macos-arm64.dmg
[2026-07-14T13:34:10+02:00] Checking for updates...
[2026-07-14T13:34:10+02:00] Fetching latest release from: https://api.github.com/repos/DarioHefti/pedro/releases/latest
[2026-07-14T13:34:10+02:00] Current version: dev, Latest version: 1.2.3
[2026-07-14T13:34:10+02:00] Picking asset for OS: darwin, Arch: arm64
[2026-07-14T13:34:10+02:00] Selected preferred asset: Pedro-macos-arm64.dmg
[2026-07-14T13:34:10+02:00] Update available! Asset: Pedro-macos-arm64.dmg
[2026-07-15T10:38:00+02:00] Checking for updates...
[2026-07-15T10:38:00+02:00] Fetching latest release from: https://api.github.com/repos/DarioHefti/pedro/releases/latest
[2026-07-15T10:38:01+02:00] Current version: dev, Latest version: 1.2.4
[2026-07-15T10:38:01+02:00] Picking asset for OS: darwin, Arch: arm64
[2026-07-15T10:38:01+02:00] Selected preferred asset: Pedro-macos-arm64.dmg
[2026-07-15T10:38:01+02:00] Update available! Asset: Pedro-macos-arm64.dmg
[2026-07-15T10:51:02+02:00] Checking for updates...
[2026-07-15T10:51:02+02:00] Fetching latest release from: https://api.github.com/repos/DarioHefti/pedro/releases/latest
[2026-07-15T10:51:03+02:00] Current version: dev, Latest version: 1.2.4
[2026-07-15T10:51:03+02:00] Picking asset for OS: darwin, Arch: arm64
[2026-07-15T10:51:03+02:00] Selected preferred asset: Pedro-macos-arm64.dmg
[2026-07-15T10:51:03+02:00] Update available! Asset: Pedro-macos-arm64.dmg
[2026-07-15T10:52:52+02:00] Checking for updates...
[2026-07-15T10:52:52+02:00] Fetching latest release from: https://api.github.com/repos/DarioHefti/pedro/releases/latest
[2026-07-15T10:52:52+02:00] Current version: dev, Latest version: 1.2.4
[2026-07-15T10:52:52+02:00] Picking asset for OS: darwin, Arch: arm64
[2026-07-15T10:52:52+02:00] Selected preferred asset: Pedro-macos-arm64.dmg
[2026-07-15T10:52:52+02:00] Update available! Asset: Pedro-macos-arm64.dmg
[2026-07-15T10:53:15+02:00] Checking for updates...
[2026-07-15T10:53:15+02:00] Fetching latest release from: https://api.github.com/repos/DarioHefti/pedro/releases/latest
[2026-07-15T10:53:15+02:00] Current version: dev, Latest version: 1.2.4
[2026-07-15T10:53:15+02:00] Picking asset for OS: darwin, Arch: arm64
[2026-07-15T10:53:15+02:00] Selected preferred asset: Pedro-macos-arm64.dmg
[2026-07-15T10:53:15+02:00] Update available! Asset: Pedro-macos-arm64.dmg
[2026-07-15T11:03:57+02:00] Checking for updates...
[2026-07-15T11:03:57+02:00] Fetching latest release from: https://api.github.com/repos/DarioHefti/pedro/releases/latest
[2026-07-15T11:03:57+02:00] Current version: dev, Latest version: 1.2.4
[2026-07-15T11:03:57+02:00] Picking asset for OS: darwin, Arch: arm64
[2026-07-15T11:03:57+02:00] Selected preferred asset: Pedro-macos-arm64.dmg
[2026-07-15T11:03:57+02:00] Update available! Asset: Pedro-macos-arm64.dmg
[2026-07-15T11:06:33+02:00] Checking for updates...
[2026-07-15T11:06:33+02:00] Fetching latest release from: https://api.github.com/repos/DarioHefti/pedro/releases/latest
[2026-07-15T11:06:33+02:00] Current version: dev, Latest version: 1.2.4
[2026-07-15T11:06:33+02:00] Picking asset for OS: darwin, Arch: arm64
[2026-07-15T11:06:33+02:00] Selected preferred asset: Pedro-macos-arm64.dmg
[2026-07-15T11:06:33+02:00] Update available! Asset: Pedro-macos-arm64.dmg
[2026-07-15T11:10:28+02:00] Checking for updates...
[2026-07-15T11:10:28+02:00] Fetching latest release from: https://api.github.com/repos/DarioHefti/pedro/releases/latest
[2026-07-15T11:10:28+02:00] Current version: dev, Latest version: 1.2.4
[2026-07-15T11:10:28+02:00] Picking asset for OS: darwin, Arch: arm64
[2026-07-15T11:10:28+02:00] Selected preferred asset: Pedro-macos-arm64.dmg
[2026-07-15T11:10:28+02:00] Update available! Asset: Pedro-macos-arm64.dmg
[2026-07-15T11:13:23+02:00] Checking for updates...
[2026-07-15T11:13:23+02:00] Fetching latest release from: https://api.github.com/repos/DarioHefti/pedro/releases/latest
[2026-07-15T11:13:23+02:00] Current version: dev, Latest version: 1.2.4
[2026-07-15T11:13:23+02:00] Picking asset for OS: darwin, Arch: arm64
[2026-07-15T11:13:23+02:00] Selected preferred asset: Pedro-macos-arm64.dmg
[2026-07-15T11:13:23+02:00] Update available! Asset: Pedro-macos-arm64.dmg
[2026-07-15T11:14:32+02:00] Checking for updates...
[2026-07-15T11:14:32+02:00] Fetching latest release from: https://api.github.com/repos/DarioHefti/pedro/releases/latest
[2026-07-15T11:14:32+02:00] Current version: dev, Latest version: 1.2.4
[2026-07-15T11:14:32+02:00] Picking asset for OS: darwin, Arch: arm64
[2026-07-15T11:14:32+02:00] Selected preferred asset: Pedro-macos-arm64.dmg
[2026-07-15T11:14:32+02:00] Update available! Asset: Pedro-macos-arm64.dmg
[2026-07-15T11:19:49+02:00] Checking for updates...
[2026-07-15T11:19:49+02:00] Fetching latest release from: https://api.github.com/repos/DarioHefti/pedro/releases/latest
[2026-07-15T11:19:50+02:00] Current version: dev, Latest version: 1.2.4
[2026-07-15T11:19:50+02:00] Picking asset for OS: darwin, Arch: arm64
[2026-07-15T11:19:50+02:00] Selected preferred asset: Pedro-macos-arm64.dmg
[2026-07-15T11:19:50+02:00] Update available! Asset: Pedro-macos-arm64.dmg
[2026-07-15T11:28:20+02:00] Checking for updates...
[2026-07-15T11:28:20+02:00] Fetching latest release from: https://api.github.com/repos/DarioHefti/pedro/releases/latest
[2026-07-15T11:28:20+02:00] Current version: dev, Latest version: 1.2.4
[2026-07-15T11:28:20+02:00] Picking asset for OS: darwin, Arch: arm64
[2026-07-15T11:28:20+02:00] Selected preferred asset: Pedro-macos-arm64.dmg
[2026-07-15T11:28:20+02:00] Update available! Asset: Pedro-macos-arm64.dmg
[2026-07-15T11:31:28+02:00] Checking for updates...
[2026-07-15T11:31:28+02:00] Fetching latest release from: https://api.github.com/repos/DarioHefti/pedro/releases/latest
[2026-07-15T11:31:29+02:00] Current version: dev, Latest version: 1.2.4
[2026-07-15T11:31:29+02:00] Picking asset for OS: darwin, Arch: arm64
[2026-07-15T11:31:29+02:00] Selected preferred asset: Pedro-macos-arm64.dmg
[2026-07-15T11:31:29+02:00] Update available! Asset: Pedro-macos-arm64.dmg
[2026-07-15T11:34:09+02:00] Checking for updates...
[2026-07-15T11:34:09+02:00] Fetching latest release from: https://api.github.com/repos/DarioHefti/pedro/releases/latest
[2026-07-15T11:34:09+02:00] Current version: dev, Latest version: 1.2.4
[2026-07-15T11:34:09+02:00] Picking asset for OS: darwin, Arch: arm64
[2026-07-15T11:34:09+02:00] Selected preferred asset: Pedro-macos-arm64.dmg
[2026-07-15T11:34:09+02:00] Update available! Asset: Pedro-macos-arm64.dmg
[2026-07-15T11:38:07+02:00] Checking for updates...
[2026-07-15T11:38:07+02:00] Fetching latest release from: https://api.github.com/repos/DarioHefti/pedro/releases/latest
[2026-07-15T11:38:07+02:00] Current version: dev, Latest version: 1.2.4
[2026-07-15T11:38:07+02:00] Picking asset for OS: darwin, Arch: arm64
[2026-07-15T11:38:07+02:00] Selected preferred asset: Pedro-macos-arm64.dmg
[2026-07-15T11:38:07+02:00] Update available! Asset: Pedro-macos-arm64.dmg
[2026-07-15T11:38:13+02:00] Checking for updates...
[2026-07-15T11:38:13+02:00] Fetching latest release from: https://api.github.com/repos/DarioHefti/pedro/releases/latest
[2026-07-15T11:38:14+02:00] Current version: dev, Latest version: 1.2.4
[2026-07-15T11:38:14+02:00] Picking asset for OS: darwin, Arch: arm64
[2026-07-15T11:38:14+02:00] Selected preferred asset: Pedro-macos-arm64.dmg
[2026-07-15T11:38:14+02:00] Update available! Asset: Pedro-macos-arm64.dmg
[2026-07-15T11:51:37+02:00] Checking for updates...
[2026-07-15T11:51:37+02:00] Fetching latest release from: https://api.github.com/repos/DarioHefti/pedro/releases/latest
[2026-07-15T11:51:37+02:00] Current version: dev, Latest version: 1.2.4
[2026-07-15T11:51:37+02:00] Picking asset for OS: darwin, Arch: arm64
[2026-07-15T11:51:37+02:00] Selected preferred asset: Pedro-macos-arm64.dmg
[2026-07-15T11:51:37+02:00] Update available! Asset: Pedro-macos-arm64.dmg
[2026-07-15T11:54:10+02:00] Checking for updates...
[2026-07-15T11:54:10+02:00] Fetching latest release from: https://api.github.com/repos/DarioHefti/pedro/releases/latest
[2026-07-15T11:54:11+02:00] Current version: dev, Latest version: 1.2.4
[2026-07-15T11:54:11+02:00] Picking asset for OS: darwin, Arch: arm64
[2026-07-15T11:54:11+02:00] Selected preferred asset: Pedro-macos-arm64.dmg
[2026-07-15T11:54:11+02:00] Update available! Asset: Pedro-macos-arm64.dmg
[2026-07-15T11:56:57+02:00] Checking for updates...
[2026-07-15T11:56:57+02:00] Fetching latest release from: https://api.github.com/repos/DarioHefti/pedro/releases/latest
[2026-07-15T11:56:57+02:00] Current version: dev, Latest version: 1.2.4
[2026-07-15T11:56:57+02:00] Picking asset for OS: darwin, Arch: arm64
[2026-07-15T11:56:57+02:00] Selected preferred asset: Pedro-macos-arm64.dmg
[2026-07-15T11:56:57+02:00] Update available! Asset: Pedro-macos-arm64.dmg
[2026-07-15T11:58:22+02:00] Checking for updates...
[2026-07-15T11:58:22+02:00] Fetching latest release from: https://api.github.com/repos/DarioHefti/pedro/releases/latest
[2026-07-15T11:58:22+02:00] Current version: dev, Latest version: 1.2.4
[2026-07-15T11:58:22+02:00] Picking asset for OS: darwin, Arch: arm64
[2026-07-15T11:58:22+02:00] Selected preferred asset: Pedro-macos-arm64.dmg
[2026-07-15T11:58:22+02:00] Update available! Asset: Pedro-macos-arm64.dmg
[2026-07-20T13:49:50+02:00] Checking for updates...
[2026-07-20T13:49:50+02:00] Fetching latest release from: https://api.github.com/repos/DarioHefti/pedro/releases/latest
[2026-07-20T13:49:51+02:00] Current version: dev, Latest version: 1.2.5
[2026-07-20T13:49:51+02:00] Picking asset for OS: darwin, Arch: arm64
[2026-07-20T13:49:51+02:00] Selected preferred asset: Pedro-macos-arm64.dmg
[2026-07-20T13:49:51+02:00] Update available! Asset: Pedro-macos-arm64.dmg
[2026-07-20T13:59:59+02:00] Checking for updates...
[2026-07-20T13:59:59+02:00] Fetching latest release from: https://api.github.com/repos/DarioHefti/pedro/releases/latest
[2026-07-20T13:59:59+02:00] Current version: dev, Latest version: 1.2.5
[2026-07-20T13:59:59+02:00] Picking asset for OS: darwin, Arch: arm64
[2026-07-20T13:59:59+02:00] Selected preferred asset: Pedro-macos-arm64.dmg
[2026-07-20T13:59:59+02:00] Update available! Asset: Pedro-macos-arm64.dmg
[2026-07-20T15:13:39+02:00] Checking for updates...
[2026-07-20T15:13:39+02:00] Fetching latest release from: https://api.github.com/repos/DarioHefti/pedro/releases/latest
[2026-07-20T15:13:39+02:00] Current version: dev, Latest version: 1.2.5
[2026-07-20T15:13:39+02:00] Picking asset for OS: darwin, Arch: arm64
[2026-07-20T15:13:39+02:00] Selected preferred asset: Pedro-macos-arm64.dmg
[2026-07-20T15:13:39+02:00] Update available! Asset: Pedro-macos-arm64.dmg
[2026-07-20T15:19:32+02:00] Checking for updates...
[2026-07-20T15:19:32+02:00] Fetching latest release from: https://api.github.com/repos/DarioHefti/pedro/releases/latest
[2026-07-20T15:19:32+02:00] Current version: dev, Latest version: 1.2.5
[2026-07-20T15:19:32+02:00] Picking asset for OS: darwin, Arch: arm64
[2026-07-20T15:19:32+02:00] Selected preferred asset: Pedro-macos-arm64.dmg
[2026-07-20T15:19:32+02:00] Update available! Asset: Pedro-macos-arm64.dmg
[2026-07-20T15:22:25+02:00] Checking for updates...
[2026-07-20T15:22:25+02:00] Fetching latest release from: https://api.github.com/repos/DarioHefti/pedro/releases/latest
[2026-07-20T15:22:25+02:00] Current version: dev, Latest version: 1.2.5
[2026-07-20T15:22:25+02:00] Picking asset for OS: darwin, Arch: arm64
[2026-07-20T15:22:25+02:00] Selected preferred asset: Pedro-macos-arm64.dmg
[2026-07-20T15:22:25+02:00] Update available! Asset: Pedro-macos-arm64.dmg
[2026-07-20T15:31:09+02:00] Checking for updates...
[2026-07-20T15:31:09+02:00] Fetching latest release from: https://api.github.com/repos/DarioHefti/pedro/releases/latest
[2026-07-20T15:31:09+02:00] Current version: dev, Latest version: 1.2.5
[2026-07-20T15:31:09+02:00] Picking asset for OS: darwin, Arch: arm64
[2026-07-20T15:31:09+02:00] Selected preferred asset: Pedro-macos-arm64.dmg
[2026-07-20T15:31:09+02:00] Update available! Asset: Pedro-macos-arm64.dmg
[2026-07-20T15:31:54+02:00] Checking for updates...
[2026-07-20T15:31:54+02:00] Fetching latest release from: https://api.github.com/repos/DarioHefti/pedro/releases/latest
[2026-07-20T15:31:54+02:00] Current version: dev, Latest version: 1.2.5
[2026-07-20T15:31:54+02:00] Picking asset for OS: darwin, Arch: arm64
[2026-07-20T15:31:54+02:00] Selected preferred asset: Pedro-macos-arm64.dmg
[2026-07-20T15:31:54+02:00] Update available! Asset: Pedro-macos-arm64.dmg
[2026-07-20T15:34:06+02:00] Checking for updates...
[2026-07-20T15:34:06+02:00] Fetching latest release from: https://api.github.com/repos/DarioHefti/pedro/releases/latest
[2026-07-20T15:34:06+02:00] Current version: dev, Latest version: 1.2.5
[2026-07-20T15:34:06+02:00] Picking asset for OS: darwin, Arch: arm64
[2026-07-20T15:34:06+02:00] Selected preferred asset: Pedro-macos-arm64.dmg
[2026-07-20T15:34:06+02:00] Update available! Asset: Pedro-macos-arm64.dmg
[2026-07-20T15:35:50+02:00] Checking for updates...
[2026-07-20T15:35:50+02:00] Fetching latest release from: https://api.github.com/repos/DarioHefti/pedro/releases/latest
[2026-07-20T15:35:51+02:00] Current version: dev, Latest version: 1.2.5
[2026-07-20T15:35:51+02:00] Picking asset for OS: darwin, Arch: arm64
[2026-07-20T15:35:51+02:00] Selected preferred asset: Pedro-macos-arm64.dmg
[2026-07-20T15:35:51+02:00] Update available! Asset: Pedro-macos-arm64.dmg
[2026-07-20T16:00:30+02:00] Checking for updates...
[2026-07-20T16:00:30+02:00] Fetching latest release from: https://api.github.com/repos/DarioHefti/pedro/releases/latest
[2026-07-20T16:00:30+02:00] Current version: dev, Latest version: 1.2.5
[2026-07-20T16:00:30+02:00] Picking asset for OS: darwin, Arch: arm64
[2026-07-20T16:00:30+02:00] Selected preferred asset: Pedro-macos-arm64.dmg
[2026-07-20T16:00:30+02:00] Update available! Asset: Pedro-macos-arm64.dmg
[2026-07-20T16:03:21+02:00] Checking for updates...
[2026-07-20T16:03:21+02:00] Fetching latest release from: https://api.github.com/repos/DarioHefti/pedro/releases/latest
[2026-07-20T16:03:21+02:00] Current version: dev, Latest version: 1.2.5
[2026-07-20T16:03:21+02:00] Picking asset for OS: darwin, Arch: arm64
[2026-07-20T16:03:21+02:00] Selected preferred asset: Pedro-macos-arm64.dmg
[2026-07-20T16:03:21+02:00] Update available! Asset: Pedro-macos-arm64.dmg
[2026-07-20T16:05:15+02:00] Checking for updates...
[2026-07-20T16:05:15+02:00] Fetching latest release from: https://api.github.com/repos/DarioHefti/pedro/releases/latest
[2026-07-20T16:05:16+02:00] Current version: dev, Latest version: 1.2.5
[2026-07-20T16:05:16+02:00] Picking asset for OS: darwin, Arch: arm64
[2026-07-20T16:05:16+02:00] Selected preferred asset: Pedro-macos-arm64.dmg
[2026-07-20T16:05:16+02:00] Update available! Asset: Pedro-macos-arm64.dmg
[2026-07-20T16:09:38+02:00] Checking for updates...
[2026-07-20T16:09:38+02:00] Fetching latest release from: https://api.github.com/repos/DarioHefti/pedro/releases/latest
[2026-07-20T16:09:38+02:00] Current version: dev, Latest version: 1.2.5
[2026-07-20T16:09:38+02:00] Picking asset for OS: darwin, Arch: arm64
[2026-07-20T16:09:38+02:00] Selected preferred asset: Pedro-macos-arm64.dmg
[2026-07-20T16:09:38+02:00] Update available! Asset: Pedro-macos-arm64.dmg
[2026-07-20T16:17:37+02:00] Checking for updates...
[2026-07-20T16:17:37+02:00] Fetching latest release from: https://api.github.com/repos/DarioHefti/pedro/releases/latest
[2026-07-20T16:17:37+02:00] Current version: dev, Latest version: 1.2.5
[2026-07-20T16:17:37+02:00] Picking asset for OS: darwin, Arch: arm64
[2026-07-20T16:17:37+02:00] Selected preferred asset: Pedro-macos-arm64.dmg
[2026-07-20T16:17:37+02:00] Update available! Asset: Pedro-macos-arm64.dmg
[2026-07-20T16:24:58+02:00] Checking for updates...
[2026-07-20T16:24:58+02:00] Fetching latest release from: https://api.github.com/repos/DarioHefti/pedro/releases/latest
[2026-07-20T16:24:58+02:00] Current version: dev, Latest version: 1.2.5
[2026-07-20T16:24:58+02:00] Picking asset for OS: darwin, Arch: arm64
[2026-07-20T16:24:58+02:00] Selected preferred asset: Pedro-macos-arm64.dmg
[2026-07-20T16:24:58+02:00] Update available! Asset: Pedro-macos-arm64.dmg
[2026-07-20T16:38:22+02:00] Checking for updates...
[2026-07-20T16:38:22+02:00] Fetching latest release from: https://api.github.com/repos/DarioHefti/pedro/releases/latest
[2026-07-20T16:38:23+02:00] Current version: dev, Latest version: 1.2.5
[2026-07-20T16:38:23+02:00] Picking asset for OS: darwin, Arch: arm64
[2026-07-20T16:38:23+02:00] Selected preferred asset: Pedro-macos-arm64.dmg
[2026-07-20T16:38:23+02:00] Update available! Asset: Pedro-macos-arm64.dmg
[2026-07-20T16:39:45+02:00] Checking for updates...
[2026-07-20T16:39:45+02:00] Fetching latest release from: https://api.github.com/repos/DarioHefti/pedro/releases/latest
[2026-07-20T16:39:45+02:00] Current version: dev, Latest version: 1.2.5
[2026-07-20T16:39:45+02:00] Picking asset for OS: darwin, Arch: arm64
[2026-07-20T16:39:45+02:00] Selected preferred asset: Pedro-macos-arm64.dmg
[2026-07-20T16:39:45+02:00] Update available! Asset: Pedro-macos-arm64.dmg
[2026-07-20T16:40:27+02:00] Checking for updates...
[2026-07-20T16:40:27+02:00] Fetching latest release from: https://api.github.com/repos/DarioHefti/pedro/releases/latest
[2026-07-20T16:40:27+02:00] Current version: dev, Latest version: 1.2.5
[2026-07-20T16:40:27+02:00] Picking asset for OS: darwin, Arch: arm64
[2026-07-20T16:40:27+02:00] Selected preferred asset: Pedro-macos-arm64.dmg
[2026-07-20T16:40:27+02:00] Update available! Asset: Pedro-macos-arm64.dmg
[2026-07-20T16:45:03+02:00] Checking for updates...
[2026-07-20T16:45:03+02:00] Fetching latest release from: https://api.github.com/repos/DarioHefti/pedro/releases/latest
[2026-07-20T16:45:03+02:00] Current version: dev, Latest version: 1.2.5
[2026-07-20T16:45:03+02:00] Picking asset for OS: darwin, Arch: arm64
[2026-07-20T16:45:03+02:00] Selected preferred asset: Pedro-macos-arm64.dmg
[2026-07-20T16:45:03+02:00] Update available! Asset: Pedro-macos-arm64.dmg
[2026-07-20T16:47:41+02:00] Checking for updates...
[2026-07-20T16:47:41+02:00] Fetching latest release from: https://api.github.com/repos/DarioHefti/pedro/releases/latest
[2026-07-20T16:47:41+02:00] Current version: dev, Latest version: 1.2.5
[2026-07-20T16:47:41+02:00] Picking asset for OS: darwin, Arch: arm64
[2026-07-20T16:47:41+02:00] Selected preferred asset: Pedro-macos-arm64.dmg
[2026-07-20T16:47:41+02:00] Update available! Asset: Pedro-macos-arm64.dmg
